2025-07-23 17:00:10,720 - __main__ - INFO - Starting Flask-SocketIO server on 127.0.0.1:5000
2025-07-23 17:00:12,722 - __main__ - INFO - Nirvan Assistant initialized successfully
2025-07-23 17:00:20,044 - __main__ - INFO - Client connected
2025-07-23 17:00:30,178 - __main__ - INFO - Window shown
2025-07-23 17:00:30,186 - __main__ - INFO - Starting assistant conversation logic
2025-07-23 17:00:30,186 - __main__ - INFO - Assistant logic started successfully
2025-07-23 17:00:30,186 - __main__ - INFO - State transition: idle -> idle
2025-07-23 17:00:30,807 - __main__ - INFO - State transition: idle -> speaking
2025-07-23 17:00:35,462 - __main__ - INFO - State transition: speaking -> listening
2025-07-23 17:00:35,487 - __main__ - ERROR - Error in safe_listen: listen_for_command() got an unexpected keyword argument 'timeout'
2025-07-23 17:00:36,398 - __main__ - INFO - State transition: listening -> speaking
2025-07-23 17:00:40,776 - __main__ - INFO - State transition: speaking -> listening
2025-07-23 17:00:40,777 - __main__ - ERROR - Error in safe_listen: listen_for_command() got an unexpected keyword argument 'timeout'
2025-07-23 17:00:41,787 - __main__ - INFO - State transition: listening -> speaking
2025-07-23 17:00:46,275 - __main__ - INFO - State transition: speaking -> listening
2025-07-23 17:00:46,277 - __main__ - ERROR - Error in safe_listen: listen_for_command() got an unexpected keyword argument 'timeout'
2025-07-23 17:00:47,315 - __main__ - INFO - State transition: listening -> speaking
2025-07-23 17:00:58,880 - __main__ - INFO - State transition: speaking -> speaking
2025-07-23 17:01:07,161 - __main__ - INFO - State transition: speaking -> listening
2025-07-23 17:01:07,162 - __main__ - ERROR - Error in safe_listen: listen_for_command() got an unexpected keyword argument 'timeout'
2025-07-23 17:01:07,852 - __main__ - INFO - State transition: listening -> speaking
2025-07-23 17:01:12,371 - __main__ - INFO - State transition: speaking -> listening
2025-07-23 17:01:12,372 - __main__ - ERROR - Error in safe_listen: listen_for_command() got an unexpected keyword argument 'timeout'
2025-07-23 17:01:13,215 - __main__ - INFO - State transition: listening -> speaking
2025-07-23 17:01:17,689 - __main__ - INFO - State transition: speaking -> listening
2025-07-23 17:01:17,690 - __main__ - ERROR - Error in safe_listen: listen_for_command() got an unexpected keyword argument 'timeout'
2025-07-23 17:01:19,133 - __main__ - INFO - State transition: listening -> speaking
2025-07-23 17:01:30,479 - __main__ - INFO - State transition: speaking -> speaking
2025-07-23 17:01:39,447 - __main__ - INFO - State transition: speaking -> listening
2025-07-23 17:01:39,449 - __main__ - ERROR - Error in safe_listen: listen_for_command() got an unexpected keyword argument 'timeout'
2025-07-23 17:01:40,432 - __main__ - INFO - State transition: listening -> speaking
2025-07-23 17:01:46,120 - __main__ - INFO - State transition: speaking -> listening
2025-07-23 17:01:46,121 - __main__ - ERROR - Error in safe_listen: listen_for_command() got an unexpected keyword argument 'timeout'
2025-07-23 17:01:47,559 - __main__ - INFO - State transition: listening -> speaking
2025-07-23 17:01:52,610 - __main__ - INFO - State transition: speaking -> listening
2025-07-23 17:01:52,611 - __main__ - ERROR - Error in safe_listen: listen_for_command() got an unexpected keyword argument 'timeout'
2025-07-23 17:01:53,427 - __main__ - INFO - State transition: listening -> speaking
2025-07-23 17:02:04,888 - __main__ - INFO - State transition: speaking -> speaking
2025-07-23 17:02:13,301 - __main__ - INFO - State transition: speaking -> listening
2025-07-23 17:02:13,303 - __main__ - ERROR - Error in safe_listen: listen_for_command() got an unexpected keyword argument 'timeout'
2025-07-23 17:02:13,954 - __main__ - INFO - State transition: listening -> speaking
2025-07-23 17:02:18,317 - __main__ - INFO - State transition: speaking -> listening
2025-07-23 17:02:18,319 - __main__ - ERROR - Error in safe_listen: listen_for_command() got an unexpected keyword argument 'timeout'
2025-07-23 17:02:19,104 - __main__ - INFO - State transition: listening -> speaking
2025-07-23 17:02:23,541 - __main__ - INFO - State transition: speaking -> listening
2025-07-23 17:02:23,542 - __main__ - ERROR - Error in safe_listen: listen_for_command() got an unexpected keyword argument 'timeout'
2025-07-23 17:02:24,737 - __main__ - INFO - State transition: listening -> speaking
